Questionable use of curly braces in "b§r§therm1 vcc sensehigh  r={{r0therm1}*exp(-{btherm1}*(1/({t0therm})-1/((time+273.15+{thigh}))))}"
    Error: undefined symbol in: "(r0therm1)*exp(-(btherm1)*(1/((t0therm))-1/(([time]+273.15+(thigh)))))"
Questionable use of curly braces in "b§r§therm2 vcc sense2  r={{r0therm2}*exp(-{btherm2}*(1/({t0therm})-1/((time+273.15+{t2}))))}"
    Error: undefined symbol in: "(r0therm2)*exp(-(btherm2)*(1/((t0therm))-1/(([time]+273.15+(t2)))))"
Questionable use of curly braces in "b§r§therm3 vcc sense3  r={{r0therm3}*exp(-{btherm3}*(1/({t0therm})-1/((time+273.15+{t3}))))}"
    Error: undefined symbol in: "(r0therm3)*exp(-(btherm3)*(1/((t0therm))-1/(([time]+273.15+(t3)))))"
Questionable use of curly braces in "b§r§therm4 vcc sense4  r={{r0therm4}*exp(-{btherm4}*(1/({t0therm})-1/((time+273.15+{t4}))))}"
    Error: undefined symbol in: "(r0therm4)*exp(-(btherm4)*(1/((t0therm))-1/(([time]+273.15+(t4)))))"
Questionable use of curly braces in "b§r§therm5 vcc sense5  r={{r0therm5}*exp(-{btherm5}*(1/({t0therm})-1/((time+273.15+{t5}))))}"
    Error: undefined symbol in: "(r0therm5)*exp(-(btherm5)*(1/((t0therm))-1/(([time]+273.15+(t5)))))"
Questionable use of curly braces in "b§r§therm6 vcc sense6  r={{r0therm6}*exp(-{btherm6}*(1/({t0therm})-1/((time+273.15+{t6}))))}"
    Error: undefined symbol in: "(r0therm6)*exp(-(btherm6)*(1/((t0therm))-1/(([time]+273.15+(t6)))))"
Questionable use of curly braces in "b§r§therm7 vcc sense7  r={{r0therm7}*exp(-{btherm7}*(1/({t0therm})-1/((time+273.15+{t7}))))}"
    Error: undefined symbol in: "(r0therm7)*exp(-(btherm7)*(1/((t0therm))-1/(([time]+273.15+(t7)))))"
Questionable use of curly braces in "b§r§therm8 vcc sense8  r={{r0therm8}*exp(-{btherm8}*(1/({t0therm})-1/((time+273.15+{t8}))))}"
    Error: undefined symbol in: "(r0therm8)*exp(-(btherm8)*(1/((t0therm))-1/(([time]+273.15+(t8)))))"
Questionable use of curly braces in "b§r§therm9 vcc sense9  r={{r0therm9}*exp(-{btherm9}*(1/({t0therm})-1/((time+273.15+{t9}))))}"
    Error: undefined symbol in: "(r0therm9)*exp(-(btherm9)*(1/((t0therm))-1/(([time]+273.15+(t9)))))"
Questionable use of curly braces in "b§r§therm10 vcc sense10  r={{r0therm10}*exp(-{btherm10}*(1/({t0therm})-1/((time+273.15+{t10}))))}"
    Error: undefined symbol in: "(r0therm10)*exp(-(btherm10)*(1/((t0therm))-1/(([time]+273.15+(t10)))))"
Questionable use of curly braces in "b§r§therm11 vcc sense11  r={{r0therm11}*exp(-{btherm11}*(1/({t0therm})-1/((time+273.15+{t11}))))}"
    Error: undefined symbol in: "(r0therm11)*exp(-(btherm11)*(1/((t0therm))-1/(([time]+273.15+(t11)))))"
Questionable use of curly braces in "b§r§therm12 vcc sense12  r={{r0therm12}*exp(-{btherm12}*(1/({t0therm})-1/((time+273.15+{t12}))))}"
    Error: undefined symbol in: "(r0therm12)*exp(-(btherm12)*(1/((t0therm))-1/(([time]+273.15+(t12)))))"
Questionable use of curly braces in "b§r§therm13 vcc sense13  r={{r0therm13}*exp(-{btherm13}*(1/({t0therm})-1/((time+273.15+{t13}))))}"
    Error: undefined symbol in: "(r0therm13)*exp(-(btherm13)*(1/((t0therm))-1/(([time]+273.15+(t13)))))"
Questionable use of curly braces in "b§r§therm14 vcc sense14  r={{r0therm14}*exp(-{btherm14}*(1/({t0therm})-1/((time+273.15+{t14}))))}"
    Error: undefined symbol in: "(r0therm14)*exp(-(btherm14)*(1/((t0therm))-1/(([time]+273.15+(t14)))))"
Questionable use of curly braces in "b§r§therm15 vcc sense15  r={{r0therm15}*exp(-{btherm15}*(1/({t0therm})-1/((time+273.15+{t15}))))}"
    Error: undefined symbol in: "(r0therm15)*exp(-(btherm15)*(1/((t0therm))-1/(([time]+273.15+(t15)))))"
Questionable use of curly braces in "b§r§therm16 vcc sense16  r={{r0therm16}*exp(-{btherm16}*(1/({t0therm})-1/((time+273.15+{t16}))))}"
    Error: undefined symbol in: "(r0therm16)*exp(-(btherm16)*(1/((t0therm))-1/(([time]+273.15+(t16)))))"
Questionable use of curly braces in "b§r§therm17 vcc sense17  r={{r0therm17}*exp(-{btherm17}*(1/({t0therm})-1/((time+273.15+{t17}))))}"
    Error: undefined symbol in: "(r0therm17)*exp(-(btherm17)*(1/((t0therm))-1/(([time]+273.15+(t17)))))"
Questionable use of curly braces in "b§r§therm18 vcc sense18  r={{r0therm18}*exp(-{btherm18}*(1/({t0therm})-1/((time+273.15+{t18}))))}"
    Error: undefined symbol in: "(r0therm18)*exp(-(btherm18)*(1/((t0therm))-1/(([time]+273.15+(t18)))))"
Questionable use of curly braces in "b§r§therm19 vcc sense19  r={{r0therm19}*exp(-{btherm19}*(1/({t0therm})-1/((time+273.15+{t19}))))}"
    Error: undefined symbol in: "(r0therm19)*exp(-(btherm19)*(1/((t0therm))-1/(([time]+273.15+(t19)))))"
Questionable use of curly braces in "b§r§therm20 vcc sense20  r={{r0therm20}*exp(-{btherm20}*(1/({t0therm})-1/((time+273.15+{t20}))))}"
    Error: undefined symbol in: "(r0therm20)*exp(-(btherm20)*(1/((t0therm))-1/(([time]+273.15+(t20)))))"
LTspice 24.0.12 for Windows
Circuit: * C:\Users\drena\Nextcloud\TeamPhantom\BMS_Links\bms-link-hw\Simulation\LTSpice\Cell_Temperature_Alarm\cellTemperatureAlarm.asc
Start Time: Wed Jun 18 17:59:42 2025
Fatal Error: Port(pin) count mismatch between the definition of subcircuit "lm339" and instance: "xu10"
The instance has more connection terminals than the definition.
